#
# A fatal error has been detected by the Java Runtime Environment:
#
#  SIGSEGV (0xb) at pc=0x00007fa0b1236979, pid=22698, tid=140327928682240
#
# JRE version: Java(TM) SE Runtime Environment (7.0_51-b13) (build 1.7.0_51-b13)
# Java VM: Java HotSpot(TM) 64-Bit Server VM (24.51-b03 mixed mode linux-amd64 compressed oops)
# Problematic frame:
# V  [libjvm.so+0x5fb979]  java_lang_String::utf8_length(oopDesc*)+0xd9
#
# Failed to write core dump. Core dumps have been disabled. To enable core dumping, try "ulimit -c unlimited" before starting Java again
#
# If you would like to submit a bug report, please visit:
#   http://bugreport.sun.com/bugreport/crash.jsp
#

---------------  T H R E A D  ---------------

Current thread (0x00007fa0ac0a7800):  JavaThread "JDWP Transport Listener: dt_socket" daemon [_thread_in_vm, id=22719, stack(0x00007fa0a4475000,0x00007fa0a4576000)]

siginfo:si_signo=SIGSEGV: si_errno=0, si_code=1 (SEGV_MAPERR), si_addr=0x000000000000000c

Registers:
RAX=0x000000000000000c, RBX=0x00007fa0ac09f578, RCX=0x0000000000000000, RDX=0x0000000000000000
RSP=0x00007fa0a4574760, RBP=0x00007fa0a4574770, RSI=0x000000000000000c, RDI=0x00000000e2a037e0
R8 =0x0000000000000000, R9 =0x0000000000000001, R10=0x0000000000000000, R11=0x00007fa0b127fef0
R12=0x0000000000000000, R13=0x00007fa0ac0a7800, R14=0x00007fa0a4574860, R15=0x0000000000000000
RIP=0x00007fa0b1236979, EFLAGS=0x0000000000010246, CSGSFS=0x0000000000000033, ERR=0x0000000000000004
  TRAPNO=0x000000000000000e

Top of Stack: (sp=0x00007fa0a4574760)
0x00007fa0a4574760:   00007fa0ac09f578 00000000e2a037e0
0x00007fa0a4574770:   00007fa0a45747e0 00007fa0b128900b
0x00007fa0a4574780:   00007fa0ac0a7800 0000000000000000
0x00007fa0a4574790:   00007fa0a45747e0 00007fa0b00ebf12
0x00007fa0a45747a0:   00007fa0ac0a7800 000000000000000a
0x00007fa0a45747b0:   00007fa0a45747e0 00007fa0a45749f0
0x00007fa0a45747c0:   00007fa0ac0a79e8 00007fa0ac09f578
0x00007fa0a45747d0:   00007fa0a4574860 00007fa0b02ff120
0x00007fa0a45747e0:   00007fa0a4574820 00007fa0b00ce322
0x00007fa0a45747f0:   0000000000002938 000000000000000a
0x00007fa0a4574800:   0000000000000001 000000000000000a
0x00007fa0a4574810:   0000000000010a00 0000000000000001
0x00007fa0a4574820:   00007fa0a4574a70 00007fa0b00d68e6
0x00007fa0a4574830:   0000293800000013 00007fa0b1010a00
0x00007fa0a4574840:   00007fa054000f80 00007fa0ac0a7800
0x00007fa0a4574850:   00007fa0a4574860 00007fa0a45749f0
0x00007fa0a4574860:   00007fa0a45748b0 00007fa00000012c
0x00007fa0a4574870:   00007fa0a4574878 0000000000000000
0x00007fa0a4574880:   00007fa0a45748b0 0000000000000000
0x00007fa0a4574890:   0000000000000000 000029380000000f
0x00007fa0a45748a0:   00007fa000004980 00007fa0a45748b0
0x00007fa0a45748b0:   6e69616d31000000 0800000000000000
0x00007fa0a45748c0:   0000000002000000 2c02000000000000
0x00007fa0a45748d0:   0800000000000000 000001012d020000
0x00007fa0a45748e0:   0000420000000000 000070ba1daca07f
0x00007fa0a45748f0:   0000140000000000 0001020026000000
0x00007fa0a4574900:   0010000000000000 00f8cd24aca07f00
0x00007fa0a4574910:   000a020000000000 0103002600000000
0x00007fa0a4574920:   1100000000000000 800c005ca07f0000
0x00007fa0a4574930:   1802000000000000 0400260000000000
0x00007fa0a4574940:   0000000000000001 0c005ca07f000012
0x00007fa0a4574950:   ffffffffffffff90 00260000000000ff 

Instructions: (pc=0x00007fa0b1236979)
0x00007fa0b1236959:   08 48 d3 e2 48 03 10 b8 0c 00 00 00 eb 12 66 0f
0x00007fa0b1236969:   1f 84 00 00 00 00 00 48 8b 14 37 b8 10 00 00 00
0x00007fa0b1236979:   8b 1c 02 e9 6b ff ff ff 90 66 66 66 66 66 2e 0f
0x00007fa0b1236989:   1f 84 00 00 00 00 00 55 48 89 e5 41 54 53 48 83 

Register to memory mapping:

RAX=0x000000000000000c is an unknown value
RBX=0x00007fa0ac09f578 is a global jni handle
RCX=0x0000000000000000 is an unknown value
RDX=0x0000000000000000 is an unknown value
RSP=0x00007fa0a4574760 is pointing into the stack for thread: 0x00007fa0ac0a7800
RBP=0x00007fa0a4574770 is pointing into the stack for thread: 0x00007fa0ac0a7800
RSI=0x000000000000000c is an unknown value
RDI=0x00000000e2a037e0 is an oop
java.lang.String 
 - klass: 'java/lang/String'
R8 =0x0000000000000000 is an unknown value
R9 =0x0000000000000001 is an unknown value
R10=0x0000000000000000 is an unknown value
R11=0x00007fa0b127fef0: <offset 0x644ef0> in /home/wliu/java/jdk1.7.0_51/jre/lib/amd64/server/libjvm.so at 0x00007fa0b0c3b000
R12=0x0000000000000000 is an unknown value
R13=0x00007fa0ac0a7800 is a thread
R14=0x00007fa0a4574860 is pointing into the stack for thread: 0x00007fa0ac0a7800
R15=0x0000000000000000 is an unknown value


Stack: [0x00007fa0a4475000,0x00007fa0a4576000],  sp=0x00007fa0a4574760,  free space=1021k
Native frames: (J=compiled Java code, j=interpreted, Vv=VM code, C=native code)
V  [libjvm.so+0x5fb979]  java_lang_String::utf8_length(oopDesc*)+0xd9
V  [libjvm.so+0x64e00b]  jni_GetStringUTFChars+0xab
C  [libjdwp.so+0x9322]  value+0x92
C  [libjdwp.so+0x118e6]  debugLoop_run+0x2b6
C  [libjdwp.so+0x2432f]  attachThread+0x2f
V  [libjvm.so+0x6f45a7]  JvmtiAgentThread::call_start_function()+0x97
V  [libjvm.so+0x94d5ff]  JavaThread::thread_main_inner()+0xdf
V  [libjvm.so+0x94d705]  JavaThread::run()+0xf5
V  [libjvm.so+0x815538]  java_start(Thread*)+0x108


---------------  P R O C E S S  ---------------

Java Threads: ( => current thread )
  0x00007fa0ac1b7800 JavaThread "ReaderThread" [_thread_in_native, id=22731, stack(0x00007fa097a8c000,0x00007fa097b8d000)]
  0x00007fa0ac0b3000 JavaThread "Service Thread" daemon [_thread_blocked, id=22729, stack(0x00007fa097eff000,0x00007fa098000000)]
  0x00007fa0ac0b0800 JavaThread "C2 CompilerThread1" daemon [_thread_blocked, id=22728, stack(0x00007fa0a4071000,0x00007fa0a4172000)]
  0x00007fa0ac0ad800 JavaThread "C2 CompilerThread0" daemon [_thread_blocked, id=22727, stack(0x00007fa0a4172000,0x00007fa0a4273000)]
  0x00007fa05c001000 JavaThread "JDWP Command Reader" daemon [_thread_in_native, id=22723, stack(0x00007fa0a4273000,0x00007fa0a4374000)]
  0x00007fa0ac0ab800 JavaThread "JDWP Event Helper Thread" daemon [_thread_blocked, id=22722, stack(0x00007fa0a4374000,0x00007fa0a4475000)]
=>0x00007fa0ac0a7800 JavaThread "JDWP Transport Listener: dt_socket" daemon [_thread_in_vm, id=22719, stack(0x00007fa0a4475000,0x00007fa0a4576000)]
  0x00007fa0ac092000 JavaThread "Signal Dispatcher" daemon [_thread_blocked, id=22717, stack(0x00007fa0a477a000,0x00007fa0a487b000)]
  0x00007fa0ac07c000 JavaThread "Finalizer" daemon [_thread_blocked, id=22716, stack(0x00007fa0a487b000,0x00007fa0a497c000)]
  0x00007fa0ac078000 JavaThread "Reference Handler" daemon [_thread_blocked, id=22715, stack(0x00007fa0a497c000,0x00007fa0a4a7d000)]
  0x00007fa0ac00d000 JavaThread "main" [_thread_blocked, id=22705, stack(0x00007fa0b25a1000,0x00007fa0b26a2000)]

Other Threads:
  0x00007fa0ac075800 VMThread [stack: 0x00007fa0a4a7d000,0x00007fa0a4b7e000] [id=22714]
  0x00007fa0ac0c5800 WatcherThread [stack: 0x00007fa097dfe000,0x00007fa097eff000] [id=22730]

VM state:not at safepoint (normal execution)

VM Mutex/Monitor currently owned by a thread: None

Heap
 PSYoungGen      total 506368K, used 192508K [0x00000000d7600000, 0x00000000f8380000, 0x0000000100000000)
  eden space 480768K, 40% used [0x00000000d7600000,0x00000000e31ff3a8,0x00000000f4b80000)
  from space 25600K, 0% used [0x00000000f6680000,0x00000000f6680000,0x00000000f7f80000)
  to   space 27648K, 0% used [0x00000000f4b80000,0x00000000f4b80000,0x00000000f6680000)
 ParOldGen       total 109568K, used 50121K [0x0000000086200000, 0x000000008cd00000, 0x00000000d7600000)
  object space 109568K, 45% used [0x0000000086200000,0x00000000892f2618,0x000000008cd00000)
 PSPermGen       total 21504K, used 10092K [0x0000000081000000, 0x0000000082500000, 0x0000000086200000)
  object space 21504K, 46% used [0x0000000081000000,0x00000000819db398,0x0000000082500000)

Card table byte_map: [0x00007fa0a78ca000,0x00007fa0a7cc3000] byte_map_base: 0x00007fa0a74c2000

Polling page: 0x00007fa0b26b5000

Code Cache  [0x00007fa0a7cc3000, 0x00007fa0a7f33000, 0x00007fa0aacc3000)
 total_blobs=873 nmethods=604 adapters=230 free_code_cache=46911Kb largest_free_block=47953664

Compilation events (10 events):
Event: 15.059 Thread 0x00007fa0ac0b0800 nmethod 653 0x00007fa0a7dec1d0 code [0x00007fa0a7dec400, 0x00007fa0a7decb20]
Event: 15.059 Thread 0x00007fa0ac0b0800  657   !         sun.reflect.GeneratedMethodAccessor1::invoke (61 bytes)
Event: 15.060 Thread 0x00007fa0ac0b0800 nmethod 657 0x00007fa0a7ee1ed0 code [0x00007fa0a7ee2020, 0x00007fa0a7ee20d8]
Event: 15.060 Thread 0x00007fa0ac0b0800  658             org.apache.log4j.PatternLayout::format (72 bytes)
Event: 15.065 Thread 0x00007fa0ac0b0800 nmethod 658 0x00007fa0a7efee90 code [0x00007fa0a7eff040, 0x00007fa0a7effb58]
Event: 15.091 Thread 0x00007fa0ac0ad800 nmethod 656 0x00007fa0a7f021d0 code [0x00007fa0a7f02740, 0x00007fa0a7f05150]
Event: 24.216 Thread 0x00007fa0ac0b0800  659             java.util.regex.Pattern$Node::study (21 bytes)
Event: 24.218 Thread 0x00007fa0ac0b0800 nmethod 659 0x00007fa0a7ded4d0 code [0x00007fa0a7ded640, 0x00007fa0a7ded7a8]
Event: 32.178 Thread 0x00007fa0ac0ad800  660             java.util.regex.Pattern$BmpCharProperty::match (50 bytes)
Event: 32.181 Thread 0x00007fa0ac0ad800 nmethod 660 0x00007fa0a7debb90 code [0x00007fa0a7debd00, 0x00007fa0a7debf38]

GC Heap History (10 events):
Event: 3.128 GC heap before
{Heap before GC invocations=11 (full 0):
 PSYoungGen      total 204800K, used 195072K [0x00000000d7600000, 0x00000000e5000000, 0x0000000100000000)
  eden space 188416K, 100% used [0x00000000d7600000,0x00000000e2e00000,0x00000000e2e00000)
  from space 16384K, 40% used [0x00000000e4000000,0x00000000e4680030,0x00000000e5000000)
  to   space 17408K, 0% used [0x00000000e2e00000,0x00000000e2e00000,0x00000000e3f00000)
 ParOldGen       total 82944K, used 31981K [0x0000000086200000, 0x000000008b300000, 0x00000000d7600000)
  object space 82944K, 38% used [0x0000000086200000,0x000000008813b530,0x000000008b300000)
 PSPermGen       total 21504K, used 9314K [0x0000000081000000, 0x0000000082500000, 0x0000000086200000)
  object space 21504K, 43% used [0x0000000081000000,0x0000000081918ac0,0x0000000082500000)
Event: 3.139 GC heap after
Heap after GC invocations=11 (full 0):
 PSYoungGen      total 205824K, used 17056K [0x00000000d7600000, 0x00000000ec380000, 0x0000000100000000)
  eden space 188416K, 0% used [0x00000000d7600000,0x00000000d7600000,0x00000000e2e00000)
  from space 17408K, 97% used [0x00000000e2e00000,0x00000000e3ea8010,0x00000000e3f00000)
  to   space 19968K, 0% used [0x00000000eb000000,0x00000000eb000000,0x00000000ec380000)
 ParOldGen       total 82944K, used 36791K [0x0000000086200000, 0x000000008b300000, 0x00000000d7600000)
  object space 82944K, 44% used [0x0000000086200000,0x00000000885ede00,0x000000008b300000)
 PSPermGen       total 21504K, used 9314K [0x0000000081000000, 0x0000000082500000, 0x0000000086200000)
  object space 21504K, 43% used [0x0000000081000000,0x0000000081918ac0,0x0000000082500000)
}
Event: 3.262 GC heap before
{Heap before GC invocations=12 (full 0):
 PSYoungGen      total 205824K, used 205472K [0x00000000d7600000, 0x00000000ec380000, 0x0000000100000000)
  eden space 188416K, 100% used [0x00000000d7600000,0x00000000e2e00000,0x00000000e2e00000)
  from space 17408K, 97% used [0x00000000e2e00000,0x00000000e3ea8010,0x00000000e3f00000)
  to   space 19968K, 0% used [0x00000000eb000000,0x00000000eb000000,0x00000000ec380000)
 ParOldGen       total 82944K, used 36791K [0x0000000086200000, 0x000000008b300000, 0x00000000d7600000)
  object space 82944K, 44% used [0x0000000086200000,0x00000000885ede00,0x000000008b300000)
 PSPermGen       total 21504K, used 9319K [0x0000000081000000, 0x0000000082500000, 0x0000000086200000)
  object space 21504K, 43% used [0x0000000081000000,0x0000000081919e88,0x0000000082500000)
Event: 3.274 GC heap after
Heap after GC invocations=12 (full 0):
 PSYoungGen      total 320512K, used 6432K [0x00000000d7600000, 0x00000000ec280000, 0x0000000100000000)
  eden space 301568K, 0% used [0x00000000d7600000,0x00000000d7600000,0x00000000e9c80000)
  from space 18944K, 33% used [0x00000000eb000000,0x00000000eb648000,0x00000000ec280000)
  to   space 19456K, 0% used [0x00000000e9c80000,0x00000000e9c80000,0x00000000eaf80000)
 ParOldGen       total 82944K, used 53656K [0x0000000086200000, 0x000000008b300000, 0x00000000d7600000)
  object space 82944K, 64% used [0x0000000086200000,0x00000000896662d8,0x000000008b300000)
 PSPermGen       total 21504K, used 9319K [0x0000000081000000, 0x0000000082500000, 0x0000000086200000)
  object space 21504K, 43% used [0x0000000081000000,0x0000000081919e88,0x0000000082500000)
}
Event: 3.558 GC heap before
{Heap before GC invocations=13 (full 0):
 PSYoungGen      total 320512K, used 308000K [0x00000000d7600000, 0x00000000ec280000, 0x0000000100000000)
  eden space 301568K, 100% used [0x00000000d7600000,0x00000000e9c80000,0x00000000e9c80000)
  from space 18944K, 33% used [0x00000000eb000000,0x00000000eb648000,0x00000000ec280000)
  to   space 19456K, 0% used [0x00000000e9c80000,0x00000000e9c80000,0x00000000eaf80000)
 ParOldGen       total 82944K, used 53656K [0x0000000086200000, 0x000000008b300000, 0x00000000d7600000)
  object space 82944K, 64% used [0x0000000086200000,0x00000000896662d8,0x000000008b300000)
 PSPermGen       total 21504K, used 9341K [0x0000000081000000, 0x0000000082500000, 0x0000000086200000)
  object space 21504K, 43% used [0x0000000081000000,0x000000008191f458,0x0000000082500000)
Event: 3.570 GC heap after
Heap after GC invocations=13 (full 0):
 PSYoungGen      total 321024K, used 19424K [0x00000000d7600000, 0x00000000f7f80000, 0x0000000100000000)
  eden space 301568K, 0% used [0x00000000d7600000,0x00000000d7600000,0x00000000e9c80000)
  from space 19456K, 99% used [0x00000000e9c80000,0x00000000eaf78030,0x00000000eaf80000)
  to   space 25600K, 0% used [0x00000000f6680000,0x00000000f6680000,0x00000000f7f80000)
 ParOldGen       total 82944K, used 62374K [0x0000000086200000, 0x000000008b300000, 0x00000000d7600000)
  object space 82944K, 75% used [0x0000000086200000,0x0000000089ee9aa0,0x000000008b300000)
 PSPermGen       total 21504K, used 9341K [0x0000000081000000, 0x0000000082500000, 0x0000000086200000)
  object space 21504K, 43% used [0x0000000081000000,0x000000008191f458,0x0000000082500000)
}
Event: 3.812 GC heap before
{Heap before GC invocations=14 (full 0):
 PSYoungGen      total 321024K, used 320992K [0x00000000d7600000, 0x00000000f7f80000, 0x0000000100000000)
  eden space 301568K, 100% used [0x00000000d7600000,0x00000000e9c80000,0x00000000e9c80000)
  from space 19456K, 99% used [0x00000000e9c80000,0x00000000eaf78030,0x00000000eaf80000)
  to   space 25600K, 0% used [0x00000000f6680000,0x00000000f6680000,0x00000000f7f80000)
 ParOldGen       total 82944K, used 62374K [0x0000000086200000, 0x000000008b300000, 0x00000000d7600000)
  object space 82944K, 75% used [0x0000000086200000,0x0000000089ee9aa0,0x000000008b300000)
 PSPermGen       total 21504K, used 9361K [0x0000000081000000, 0x0000000082500000, 0x0000000086200000)
  object space 21504K, 43% used [0x0000000081000000,0x00000000819244c0,0x0000000082500000)
Event: 3.827 GC heap after
Heap after GC invocations=14 (full 0):
 PSYoungGen      total 506368K, used 20464K [0x00000000d7600000, 0x00000000f8380000, 0x0000000100000000)
  eden space 480768K, 0% used [0x00000000d7600000,0x00000000d7600000,0x00000000f4b80000)
  from space 25600K, 79% used [0x00000000f6680000,0x00000000f7a7c020,0x00000000f7f80000)
  to   space 27648K, 0% used [0x00000000f4b80000,0x00000000f4b80000,0x00000000f6680000)
 ParOldGen       total 82944K, used 79999K [0x0000000086200000, 0x000000008b300000, 0x00000000d7600000)
  object space 82944K, 96% used [0x0000000086200000,0x000000008b01fc08,0x000000008b300000)
 PSPermGen       total 21504K, used 9361K [0x0000000081000000, 0x0000000082500000, 0x0000000086200000)
  object space 21504K, 43% used [0x0000000081000000,0x00000000819244c0,0x0000000082500000)
}
Event: 3.828 GC heap before
{Heap before GC invocations=15 (full 1):
 PSYoungGen      total 506368K, used 20464K [0x00000000d7600000, 0x00000000f8380000, 0x0000000100000000)
  eden space 480768K, 0% used [0x00000000d7600000,0x00000000d7600000,0x00000000f4b80000)
  from space 25600K, 79% used [0x00000000f6680000,0x00000000f7a7c020,0x00000000f7f80000)
  to   space 27648K, 0% used [0x00000000f4b80000,0x00000000f4b80000,0x00000000f6680000)
 ParOldGen       total 82944K, used 79999K [0x0000000086200000, 0x000000008b300000, 0x00000000d7600000)
  object space 82944K, 96% used [0x0000000086200000,0x000000008b01fc08,0x000000008b300000)
 PSPermGen       total 21504K, used 9361K [0x0000000081000000, 0x0000000082500000, 0x0000000086200000)
  object space 21504K, 43% used [0x0000000081000000,0x00000000819244c0,0x0000000082500000)
Event: 3.900 GC heap after
Heap after GC invocations=15 (full 1):
 PSYoungGen      total 506368K, used 0K [0x00000000d7600000, 0x00000000f8380000, 0x0000000100000000)
  eden space 480768K, 0% used [0x00000000d7600000,0x00000000d7600000,0x00000000f4b80000)
  from space 25600K, 0% used [0x00000000f6680000,0x00000000f6680000,0x00000000f7f80000)
  to   space 27648K, 0% used [0x00000000f4b80000,0x00000000f4b80000,0x00000000f6680000)
 ParOldGen       total 109568K, used 50121K [0x0000000086200000, 0x000000008cd00000, 0x00000000d7600000)
  object space 109568K, 45% used [0x0000000086200000,0x00000000892f2618,0x000000008cd00000)
 PSPermGen       total 21504K, used 9356K [0x0000000081000000, 0x0000000082500000, 0x0000000086200000)
  object space 21504K, 43% used [0x0000000081000000,0x00000000819231b0,0x0000000082500000)
}

Deoptimization events (10 events):
Event: 4.388 Thread 0x00007fa0ac00d000 Uncommon trap: reason=class_check action=maybe_recompile pc=0x00007fa0a7d9b768 method=java.util.regex.Pattern$BmpCharProperty.match(Ljava/util/regex/Matcher;ILjava/lang/CharSequence;)Z @ 16
Event: 4.388 Thread 0x00007fa0ac00d000 Uncommon trap: reason=class_check action=maybe_recompile pc=0x00007fa0a7d9b768 method=java.util.regex.Pattern$BmpCharProperty.match(Ljava/util/regex/Matcher;ILjava/lang/CharSequence;)Z @ 16
Event: 4.388 Thread 0x00007fa0ac00d000 Uncommon trap: reason=class_check action=maybe_recompile pc=0x00007fa0a7d952f8 method=java.util.regex.Matcher.match(II)Z @ 86
Event: 4.388 Thread 0x00007fa0ac00d000 Uncommon trap: reason=class_check action=maybe_recompile pc=0x00007fa0a7d952f8 method=java.util.regex.Matcher.match(II)Z @ 86
Event: 4.388 Thread 0x00007fa0ac00d000 Uncommon trap: reason=class_check action=maybe_recompile pc=0x00007fa0a7d952f8 method=java.util.regex.Matcher.match(II)Z @ 86
Event: 4.388 Thread 0x00007fa0ac00d000 Uncommon trap: reason=bimorphic action=maybe_recompile pc=0x00007fa0a7d994f0 method=java.util.regex.Pattern$Slice.match(Ljava/util/regex/Matcher;ILjava/lang/CharSequence;)Z @ 75
Event: 4.388 Thread 0x00007fa0ac00d000 Uncommon trap: reason=bimorphic action=maybe_recompile pc=0x00007fa0a7d994f0 method=java.util.regex.Pattern$Slice.match(Ljava/util/regex/Matcher;ILjava/lang/CharSequence;)Z @ 75
Event: 4.388 Thread 0x00007fa0ac00d000 Uncommon trap: reason=bimorphic action=maybe_recompile pc=0x00007fa0a7da2de4 method=java.util.regex.Pattern$GroupTail.match(Ljava/util/regex/Matcher;ILjava/lang/CharSequence;)Z @ 70
Event: 4.388 Thread 0x00007fa0ac00d000 Uncommon trap: reason=bimorphic action=maybe_recompile pc=0x00007fa0a7da2de4 method=java.util.regex.Pattern$GroupTail.match(Ljava/util/regex/Matcher;ILjava/lang/CharSequence;)Z @ 70
Event: 4.389 Thread 0x00007fa0ac00d000 Uncommon trap: reason=class_check action=maybe_recompile pc=0x00007fa0a7d415b0 method=java.util.regex.Matcher.match(II)Z @ 86

Internal exceptions (10 events):
Event: 4.374 Thread 0x00007fa0ac00d000 Threw 0x00000000e1b90eb0 at /HUDSON/workspace/7u-2-build-linux-amd64@2/jdk7u51/527/hotspot/src/share/vm/prims/jvm.cpp:1244
Event: 4.374 Thread 0x00007fa0ac00d000 Threw 0x00000000e1b97340 at /HUDSON/workspace/7u-2-build-linux-amd64@2/jdk7u51/527/hotspot/src/share/vm/prims/jvm.cpp:1244
Event: 4.375 Thread 0x00007fa0ac00d000 Threw 0x00000000e1be4238 at /HUDSON/workspace/7u-2-build-linux-amd64@2/jdk7u51/527/hotspot/src/share/vm/prims/jvm.cpp:1244
Event: 4.375 Thread 0x00007fa0ac00d000 Threw 0x00000000e1be6cd0 at /HUDSON/workspace/7u-2-build-linux-amd64@2/jdk7u51/527/hotspot/src/share/vm/prims/jvm.cpp:1244
Event: 4.376 Thread 0x00007fa0ac00d000 Threw 0x00000000e1bfc080 at /HUDSON/workspace/7u-2-build-linux-amd64@2/jdk7u51/527/hotspot/src/share/vm/prims/jvm.cpp:1244
Event: 4.376 Thread 0x00007fa0ac00d000 Threw 0x00000000e1c016c0 at /HUDSON/workspace/7u-2-build-linux-amd64@2/jdk7u51/527/hotspot/src/share/vm/prims/jvm.cpp:1244
Event: 4.377 Thread 0x00007fa0ac00d000 Threw 0x00000000e1c06c60 at /HUDSON/workspace/7u-2-build-linux-amd64@2/jdk7u51/527/hotspot/src/share/vm/prims/jvm.cpp:1244
Event: 4.377 Thread 0x00007fa0ac00d000 Threw 0x00000000e1c14298 at /HUDSON/workspace/7u-2-build-linux-amd64@2/jdk7u51/527/hotspot/src/share/vm/prims/jvm.cpp:1244
Event: 4.377 Thread 0x00007fa0ac00d000 Threw 0x00000000e1c199d8 at /HUDSON/workspace/7u-2-build-linux-amd64@2/jdk7u51/527/hotspot/src/share/vm/prims/jvm.cpp:1244
Event: 4.385 Thread 0x00007fa0ac00d000 Threw 0x00000000e1c2e768 at /HUDSON/workspace/7u-2-build-linux-amd64@2/jdk7u51/527/hotspot/src/share/vm/prims/jvm.cpp:1244

Events (10 events):
Event: 51.058 Executing VM operation: GetCurrentLocation
Event: 51.058 Executing VM operation: GetCurrentLocation done
Event: 51.058 Executing VM operation: ChangeSingleStep
Event: 51.058 Executing VM operation: ChangeSingleStep done
Event: 51.059 Executing VM operation: ChangeSingleStep
Event: 51.059 Executing VM operation: ChangeSingleStep done
Event: 51.077 Executing VM operation: GetOrSetLocal
Event: 51.077 Executing VM operation: GetOrSetLocal done
Event: 51.079 Executing VM operation: GetOrSetLocal
Event: 51.079 Executing VM operation: GetOrSetLocal done


Dynamic libraries:
00400000-00401000 r-xp 00000000 08:16 2104065                            /home/wliu/java/jdk1.7.0_51/bin/java
00600000-00601000 rw-p 00000000 08:16 2104065                            /home/wliu/java/jdk1.7.0_51/bin/java
006c3000-006e4000 rw-p 00000000 00:00 0                                  [heap]
81000000-82500000 rw-p 00000000 00:00 0 
82500000-86200000 rw-p 00000000 00:00 0 
86200000-8cd00000 rw-p 00000000 00:00 0 
8cd00000-d7600000 rw-p 00000000 00:00 0 
d7600000-f8380000 rw-p 00000000 00:00 0 
f8380000-100000000 rw-p 00000000 00:00 0 
7fa038000000-7fa038021000 rw-p 00000000 00:00 0 
7fa038021000-7fa03c000000 ---p 00000000 00:00 0 
7fa040000000-7fa040021000 rw-p 00000000 00:00 0 
7fa040021000-7fa044000000 ---p 00000000 00:00 0 
7fa044000000-7fa044021000 rw-p 00000000 00:00 0 
7fa044021000-7fa048000000 ---p 00000000 00:00 0 
7fa048000000-7fa048e27000 rw-p 00000000 00:00 0 
7fa048e27000-7fa04c000000 ---p 00000000 00:00 0 
7fa04c000000-7fa04cbe5000 rw-p 00000000 00:00 0 
7fa04cbe5000-7fa050000000 ---p 00000000 00:00 0 
7fa050000000-7fa050021000 rw-p 00000000 00:00 0 
7fa050021000-7fa054000000 ---p 00000000 00:00 0 
7fa054000000-7fa054021000 rw-p 00000000 00:00 0 
7fa054021000-7fa058000000 ---p 00000000 00:00 0 
7fa058000000-7fa058021000 rw-p 00000000 00:00 0 
7fa058021000-7fa05c000000 ---p 00000000 00:00 0 
7fa05c000000-7fa05c0f9000 rw-p 00000000 00:00 0 
7fa05c0f9000-7fa060000000 ---p 00000000 00:00 0 
7fa060000000-7fa060021000 rw-p 00000000 00:00 0 
7fa060021000-7fa064000000 ---p 00000000 00:00 0 
7fa064000000-7fa064021000 rw-p 00000000 00:00 0 
7fa064021000-7fa068000000 ---p 00000000 00:00 0 
7fa068000000-7fa068021000 rw-p 00000000 00:00 0 
7fa068021000-7fa06c000000 ---p 00000000 00:00 0 
7fa06c000000-7fa06c021000 rw-p 00000000 00:00 0 
7fa06c021000-7fa070000000 ---p 00000000 00:00 0 
7fa070000000-7fa070021000 rw-p 00000000 00:00 0 
7fa070021000-7fa074000000 ---p 00000000 00:00 0 
7fa078000000-7fa078021000 rw-p 00000000 00:00 0 
7fa078021000-7fa07c000000 ---p 00000000 00:00 0 
7fa080000000-7fa080021000 rw-p 00000000 00:00 0 
7fa080021000-7fa084000000 ---p 00000000 00:00 0 
7fa088000000-7fa088021000 rw-p 00000000 00:00 0 
7fa088021000-7fa08c000000 ---p 00000000 00:00 0 
7fa090000000-7fa090021000 rw-p 00000000 00:00 0 
7fa090021000-7fa094000000 ---p 00000000 00:00 0 
7fa097705000-7fa097871000 rw-p 00000000 00:00 0 
7fa097871000-7fa09787b000 r--s 00250000 08:16 3030840                    /home/wliu/java/jdk1.7.0_51/jre/lib/resources.jar
7fa09787b000-7fa09788b000 r-xp 00000000 08:16 3415327                    /home/wliu/java/jdk1.7.0_51/jre/lib/amd64/libnio.so
7fa09788b000-7fa097a8b000 ---p 00010000 08:16 3415327                    /home/wliu/java/jdk1.7.0_51/jre/lib/amd64/libnio.so
7fa097a8b000-7fa097a8c000 rw-p 00010000 08:16 3415327                    /home/wliu/java/jdk1.7.0_51/jre/lib/amd64/libnio.so
7fa097a8c000-7fa097a8f000 ---p 00000000 00:00 0 
7fa097a8f000-7fa097bbe000 rw-p 00000000 00:00 0 
7fa097bbe000-7fa097bd4000 r-xp 00000000 08:16 3415332                    /home/wliu/java/jdk1.7.0_51/jre/lib/amd64/libnet.so
7fa097bd4000-7fa097dd4000 ---p 00016000 08:16 3415332                    /home/wliu/java/jdk1.7.0_51/jre/lib/amd64/libnet.so
7fa097dd4000-7fa097dd5000 rw-p 00016000 08:16 3415332                    /home/wliu/java/jdk1.7.0_51/jre/lib/amd64/libnet.so
7fa097dd5000-7fa097dfe000 r--s 001ee000 08:16 1706249                    /home/wliu/git/ARTS/lib/guava-14.0.1.jar
7fa097dfe000-7fa097dff000 ---p 00000000 00:00 0 
7fa097dff000-7fa097eff000 rw-p 00000000 00:00 0 
7fa097eff000-7fa097f02000 ---p 00000000 00:00 0 
7fa097f02000-7fa098000000 rw-p 00000000 00:00 0 
7fa098000000-7fa098021000 rw-p 00000000 00:00 0 
7fa098021000-7fa09c000000 ---p 00000000 00:00 0 
7fa09c000000-7fa09c001000 rw-p 00000000 00:00 0 
7fa09c001000-7fa09c005000 r--s 0008a000 08:16 3030829                    /home/wliu/java/jdk1.7.0_51/jre/lib/jsse.jar
7fa09c005000-7fa09c009000 r--s 0002e000 08:16 1705964                    /home/wliu/git/ARTS/lib/qdox-2.0-20101128.200019-2.jar
7fa09c009000-7fa09c010000 r--s 00037000 08:16 1706227                    /home/wliu/git/ARTS/lib/junit-4.10.jar
7fa09c010000-7fa09c014000 r--s 0003b000 08:16 1704123                    /home/wliu/git/ARTS/lib/javaparser-1.0.8.jar
7fa09c014000-7fa09c022000 r--s 0007f000 08:16 1706003                    /home/wliu/git/ARTS/lib/commons-collections-3.2.1.jar
7fa09c022000-7fa09c024000 r--s 0000b000 08:16 1842113                    /home/wliu/git/RTS-T25/RTS-T25/lib/commons-exec-1.1.jar
7fa09c024000-7fa09c02b000 r--s 00039000 08:16 1842571                    /home/wliu/git/RTS-T25/RTS-T25/lib/commons-codec-1.7.jar
7fa09c02b000-7fa09c041000 r--s 00055000 08:16 1706177                    /home/wliu/git/ARTS/lib/xmlpublic.jar
7fa09c041000-7fa09c042000 r--s 00000000 08:16 1705799                    /home/wliu/git/ARTS/lib/xmlbeans-qname.jar
7fa09c042000-7fa09c080000 r--s 0025b000 08:16 1704052                    /home/wliu/git/ARTS/lib/xbean.jar
7fa09c080000-7fa0a0000000 rw-p 00000000 00:00 0 
7fa0a0000000-7fa0a0021000 rw-p 00000000 00:00 0 
7fa0a0021000-7fa0a4000000 ---p 00000000 00:00 0 
7fa0a4000000-7fa0a4002000 r--s 00005000 08:16 1705872                    /home/wliu/git/ARTS/lib/slf4j-api-1.6.2.jar
7fa0a4002000-7fa0a4004000 r--s 0000d000 08:16 1706109                    /home/wliu/git/ARTS/lib/resolver.jar
7fa0a4004000-7fa0a400d000 r--s 0006d000 08:16 1705845                    /home/wliu/git/ARTS/lib/log4j-1.2.16.jar
7fa0a400d000-7fa0a400f000 r--s 00004000 08:16 1706254                    /home/wliu/git/ARTS/lib/jsr173_1.0_api.jar
7fa0a400f000-7fa0a4012000 r--s 0002b000 08:16 1706097                    /home/wliu/git/ARTS/lib/jtidy-r938.jar
7fa0a4012000-7fa0a4014000 r--s 00011000 08:16 1704561                    /home/wliu/git/ARTS/lib/yjp-controller-api-redist.jar
7fa0a4014000-7fa0a4017000 r--s 00003000 08:16 1706285                    /home/wliu/git/ARTS/lib/STSgoals.jar
7fa0a4017000-7fa0a4019000 r--s 00006000 08:16 1705407                    /home/wliu/git/ARTS/lib/jsr305.jar
7fa0a4019000-7fa0a401b000 r--s 00005000 08:16 1705991                    /home/wliu/git/ARTS/lib/jFormatString.jar
7fa0a401b000-7fa0a401e000 r--s 00012000 08:16 1705915                    /home/wliu/git/ARTS/lib/jdepend-2.9.jar
7fa0a401e000-7fa0a4022000 r--s 0003c000 08:16 1705192                    /home/wliu/git/ARTS/lib/commons-lang-2.4.jar
7fa0a4022000-7fa0a4024000 r--s 00005000 08:16 1705342                    /home/wliu/git/ARTS/lib/CaseStudySubject.jar
7fa0a4024000-7fa0a4026000 r--s 00000000 08:16 1706274                    /home/wliu/git/ARTS/lib/AppleJavaExtensions.jar
7fa0a4026000-7fa0a4039000 r--s 00128000 08:16 1705601                    /home/wliu/git/ARTS/lib/ant.jar
7fa0a4039000-7fa0a403f000 r--s 00032000 08:16 1705449                    /home/wliu/git/ARTS/lib/jaxen-1.1.1.jar
7fa0a403f000-7fa0a4071000 r--s 01200000 08:16 1705406                    /home/wliu/git/ARTS/lib/findbugs.jar
7fa0a4071000-7fa0a4074000 ---p 00000000 00:00 0 
7fa0a4074000-7fa0a4172000 rw-p 00000000 00:00 0 
7fa0a4172000-7fa0a4175000 ---p 00000000 00:00 0 
7fa0a4175000-7fa0a4273000 rw-p 00000000 00:00 0 
7fa0a4273000-7fa0a4276000 ---p 00000000 00:00 0 
7fa0a4276000-7fa0a4374000 rw-p 00000000 00:00 0 
7fa0a4374000-7fa0a4377000 ---p 00000000 00:00 0 
7fa0a4377000-7fa0a4475000 rw-p 00000000 00:00 0 
7fa0a4475000-7fa0a4478000 ---p 00000000 00:00 0 
7fa0a4478000-7fa0a4576000 rw-p 00000000 00:00 0 
7fa0a4576000-7fa0a457a000 r-xp 00000000 08:16 3415347                    /home/wliu/java/jdk1.7.0_51/jre/lib/amd64/libdt_socket.so
7fa0a457a000-7fa0a4779000 ---p 00004000 08:16 3415347                    /home/wliu/java/jdk1.7.0_51/jre/lib/amd64/libdt_socket.so
7fa0a4779000-7fa0a477a000 rw-p 00003000 08:16 3415347                    /home/wliu/java/jdk1.7.0_51/jre/lib/amd64/libdt_socket.so
7fa0a477a000-7fa0a477d000 ---p 00000000 00:00 0 
7fa0a477d000-7fa0a487b000 rw-p 00000000 00:00 0 
7fa0a487b000-7fa0a487e000 ---p 00000000 00:00 0 
7fa0a487e000-7fa0a497c000 rw-p 00000000 00:00 0 
7fa0a497c000-7fa0a497f000 ---p 00000000 00:00 0 
7fa0a497f000-7fa0a4a7d000 rw-p 00000000 00:00 0 
7fa0a4a7d000-7fa0a4a7e000 ---p 00000000 00:00 0 
7fa0a4a7e000-7fa0a680d000 rw-p 00000000 00:00 0 
7fa0a680d000-7fa0a69ca000 r--s 039bf000 08:16 3030849                    /home/wliu/java/jdk1.7.0_51/jre/lib/rt.jar
7fa0a69ca000-7fa0a6e38000 rw-p 00000000 00:00 0 
7fa0a6e38000-7fa0a6e39000 ---p 00000000 00:00 0 
7fa0a6e39000-7fa0a6f39000 rw-p 00000000 00:00 0 
7fa0a6f39000-7fa0a6f3a000 ---p 00000000 00:00 0 
7fa0a6f3a000-7fa0a703a000 rw-p 00000000 00:00 0 
7fa0a703a000-7fa0a703b000 ---p 00000000 00:00 0 
7fa0a703b000-7fa0a713b000 rw-p 00000000 00:00 0 
7fa0a713b000-7fa0a713c000 ---p 00000000 00:00 0 
7fa0a713c000-7fa0a723c000 rw-p 00000000 00:00 0 
7fa0a723c000-7fa0a723d000 ---p 00000000 00:00 0 
7fa0a723d000-7fa0a733d000 rw-p 00000000 00:00 0 
7fa0a733d000-7fa0a733e000 ---p 00000000 00:00 0 
7fa0a733e000-7fa0a743e000 rw-p 00000000 00:00 0 
7fa0a743e000-7fa0a743f000 ---p 00000000 00:00 0 
7fa0a743f000-7fa0a753f000 rw-p 00000000 00:00 0 
7fa0a753f000-7fa0a7540000 ---p 00000000 00:00 0 
7fa0a7540000-7fa0a7676000 rw-p 00000000 00:00 0 
7fa0a7676000-7fa0a78ca000 rw-p 00000000 00:00 0 
7fa0a78ca000-7fa0a78d5000 rw-p 00000000 00:00 0 
7fa0a78d5000-7fa0a78f3000 rw-p 00000000 00:00 0 
7fa0a78f3000-7fa0a7929000 rw-p 00000000 00:00 0 
7fa0a7929000-7fa0a7b7d000 rw-p 00000000 00:00 0 
7fa0a7b7d000-7fa0a7c84000 rw-p 00000000 00:00 0 
7fa0a7c84000-7fa0a7cc2000 rw-p 00000000 00:00 0 
7fa0a7cc2000-7fa0a7cc3000 rw-p 00000000 00:00 0 
7fa0a7cc3000-7fa0a7f33000 rwxp 00000000 00:00 0 
7fa0a7f33000-7fa0aacc3000 rw-p 00000000 00:00 0 
7fa0aacc3000-7fa0aacdd000 r-xp 00000000 08:16 3415377                    /home/wliu/java/jdk1.7.0_51/jre/lib/amd64/libzip.so
7fa0aacdd000-7fa0aaedd000 ---p 0001a000 08:16 3415377                    /home/wliu/java/jdk1.7.0_51/jre/lib/amd64/libzip.so
7fa0aaedd000-7fa0aaede000 rw-p 0001a000 08:16 3415377                    /home/wliu/java/jdk1.7.0_51/jre/lib/amd64/libzip.so
7fa0aaede000-7fa0aaeea000 r-xp 00000000 08:16 528100                     /lib/x86_64-linux-gnu/libnss_files-2.15.so
7fa0aaeea000-7fa0ab0e9000 ---p 0000c000 08:16 528100                     /lib/x86_64-linux-gnu/libnss_files-2.15.so
7fa0ab0e9000-7fa0ab0ea000 r--p 0000b000 08:16 528100                     /lib/x86_64-linux-gnu/libnss_files-2.15.so
7fa0ab0ea000-7fa0ab0eb000 rw-p 0000c000 08:16 528100                     /lib/x86_64-linux-gnu/libnss_files-2.15.so
7fa0ab0eb000-7fa0ab0f5000 r-xp 00000000 08:16 528104                     /lib/x86_64-linux-gnu/libnss_nis-2.15.so
7fa0ab0f5000-7fa0ab2f5000 ---p 0000a000 08:16 528104                     /lib/x86_64-linux-gnu/libnss_nis-2.15.so
7fa0ab2f5000-7fa0ab2f6000 r--p 0000a000 08:16 528104                     /lib/x86_64-linux-gnu/libnss_nis-2.15.so
7fa0ab2f6000-7fa0ab2f7000 rw-p 0000b000 08:16 528104                     /lib/x86_64-linux-gnu/libnss_nis-2.15.so
7fa0ab2f7000-7fa0ab30e000 r-xp 00000000 08:16 528094                     /lib/x86_64-linux-gnu/libnsl-2.15.so
7fa0ab30e000-7fa0ab50d000 ---p 00017000 08:16 528094                     /lib/x86_64-linux-gnu/libnsl-2.15.so
7fa0ab50d000-7fa0ab50e000 r--p 00016000 08:16 528094                     /lib/x86_64-linux-gnu/libnsl-2.15.so
7fa0ab50e000-7fa0ab50f000 rw-p 00017000 08:16 528094                     /lib/x86_64-linux-gnu/libnsl-2.15.so
7fa0ab50f000-7fa0ab511000 rw-p 00000000 00:00 0 
7fa0ab511000-7fa0ab519000 r-xp 00000000 08:16 528096                     /lib/x86_64-linux-gnu/libnss_compat-2.15.so
7fa0ab519000-7fa0ab718000 ---p 00008000 08:16 528096                     /lib/x86_64-linux-gnu/libnss_compat-2.15.so
7fa0ab718000-7fa0ab719000 r--p 00007000 08:16 528096                     /lib/x86_64-linux-gnu/libnss_compat-2.15.so
7fa0ab719000-7fa0ab71a000 rw-p 00008000 08:16 528096                     /lib/x86_64-linux-gnu/libnss_compat-2.15.so
7fa0ab71a000-7fa0abdfd000 r--p 00000000 08:16 2366259                    /usr/lib/locale/locale-archive
7fa0abdfd000-7fa0abe00000 r-xp 00000000 08:16 3415338                    /home/wliu/java/jdk1.7.0_51/jre/lib/amd64/libnpt.so
7fa0abe00000-7fa0abfff000 ---p 00003000 08:16 3415338                    /home/wliu/java/jdk1.7.0_51/jre/lib/amd64/libnpt.so
7fa0abfff000-7fa0ac000000 rw-p 00002000 08:16 3415338                    /home/wliu/java/jdk1.7.0_51/jre/lib/amd64/libnpt.so
7fa0ac000000-7fa0ac2e9000 rw-p 00000000 00:00 0 
7fa0ac2e9000-7fa0b0000000 ---p 00000000 00:00 0 
7fa0b0000000-7fa0b0001000 r--s 00001000 08:16 1705292                    /home/wliu/git/ARTS/lib/xbean_xpath.jar
7fa0b0001000-7fa0b0002000 r--s 00002000 08:16 1705985                    /home/wliu/git/ARTS/lib/slf4j-log4j12-1.6.2.jar
7fa0b0002000-7fa0b000c000 r--s 00085000 08:16 1704940                    /home/wliu/git/ARTS/lib/bcel.jar
7fa0b000c000-7fa0b0013000 r--s 00015000 08:16 1705711                    /home/wliu/git/ARTS/lib/STStechniques.jar
7fa0b0013000-7fa0b001a000 r--s 00000000 08:16 2016                       /usr/lib/x86_64-linux-gnu/gconv/gconv-modules.cache
7fa0b001a000-7fa0b00c5000 rw-p 00000000 00:00 0 
7fa0b00c5000-7fa0b00fe000 r-xp 00000000 08:16 3415382                    /home/wliu/java/jdk1.7.0_51/jre/lib/amd64/libjdwp.so
7fa0b00fe000-7fa0b02fe000 ---p 00039000 08:16 3415382                    /home/wliu/java/jdk1.7.0_51/jre/lib/amd64/libjdwp.so
7fa0b02fe000-7fa0b02ff000 rw-p 00039000 08:16 3415382                    /home/wliu/java/jdk1.7.0_51/jre/lib/amd64/libjdwp.so
7fa0b02ff000-7fa0b0300000 rw-p 00000000 00:00 0 
7fa0b0300000-7fa0b0329000 r-xp 00000000 08:16 3415361                    /home/wliu/java/jdk1.7.0_51/jre/lib/amd64/libjava.so
7fa0b0329000-7fa0b0529000 ---p 00029000 08:16 3415361                    /home/wliu/java/jdk1.7.0_51/jre/lib/amd64/libjava.so
7fa0b0529000-7fa0b052b000 rw-p 00029000 08:16 3415361                    /home/wliu/java/jdk1.7.0_51/jre/lib/amd64/libjava.so
7fa0b052b000-7fa0b0538000 r-xp 00000000 08:16 3415359                    /home/wliu/java/jdk1.7.0_51/jre/lib/amd64/libverify.so
7fa0b0538000-7fa0b0737000 ---p 0000d000 08:16 3415359                    /home/wliu/java/jdk1.7.0_51/jre/lib/amd64/libverify.so
7fa0b0737000-7fa0b0739000 rw-p 0000c000 08:16 3415359                    /home/wliu/java/jdk1.7.0_51/jre/lib/amd64/libverify.so
7fa0b0739000-7fa0b0740000 r-xp 00000000 08:16 528135                     /lib/x86_64-linux-gnu/librt-2.15.so
7fa0b0740000-7fa0b093f000 ---p 00007000 08:16 528135                     /lib/x86_64-linux-gnu/librt-2.15.so
7fa0b093f000-7fa0b0940000 r--p 00006000 08:16 528135                     /lib/x86_64-linux-gnu/librt-2.15.so
7fa0b0940000-7fa0b0941000 rw-p 00007000 08:16 528135                     /lib/x86_64-linux-gnu/librt-2.15.so
7fa0b0941000-7fa0b0a3a000 r-xp 00000000 08:16 528081                     /lib/x86_64-linux-gnu/libm-2.15.so
7fa0b0a3a000-7fa0b0c39000 ---p 000f9000 08:16 528081                     /lib/x86_64-linux-gnu/libm-2.15.so
7fa0b0c39000-7fa0b0c3a000 r--p 000f8000 08:16 528081                     /lib/x86_64-linux-gnu/libm-2.15.so
7fa0b0c3a000-7fa0b0c3b000 rw-p 000f9000 08:16 528081                     /lib/x86_64-linux-gnu/libm-2.15.so
7fa0b0c3b000-7fa0b179d000 r-xp 00000000 08:16 3415367                    /home/wliu/java/jdk1.7.0_51/jre/lib/amd64/server/libjvm.so
7fa0b179d000-7fa0b199d000 ---p 00b62000 08:16 3415367                    /home/wliu/java/jdk1.7.0_51/jre/lib/amd64/server/libjvm.so
7fa0b199d000-7fa0b1a60000 rw-p 00b62000 08:16 3415367                    /home/wliu/java/jdk1.7.0_51/jre/lib/amd64/server/libjvm.so
7fa0b1a60000-7fa0b1aa1000 rw-p 00000000 00:00 0 
7fa0b1aa1000-7fa0b1c54000 r-xp 00000000 08:16 528049                     /lib/x86_64-linux-gnu/libc-2.15.so
7fa0b1c54000-7fa0b1e53000 ---p 001b3000 08:16 528049                     /lib/x86_64-linux-gnu/libc-2.15.so
7fa0b1e53000-7fa0b1e57000 r--p 001b2000 08:16 528049                     /lib/x86_64-linux-gnu/libc-2.15.so
7fa0b1e57000-7fa0b1e59000 rw-p 001b6000 08:16 528049                     /lib/x86_64-linux-gnu/libc-2.15.so
7fa0b1e59000-7fa0b1e5e000 rw-p 00000000 00:00 0 
7fa0b1e5e000-7fa0b1e60000 r-xp 00000000 08:16 528062                     /lib/x86_64-linux-gnu/libdl-2.15.so
7fa0b1e60000-7fa0b2060000 ---p 00002000 08:16 528062                     /lib/x86_64-linux-gnu/libdl-2.15.so
7fa0b2060000-7fa0b2061000 r--p 00002000 08:16 528062                     /lib/x86_64-linux-gnu/libdl-2.15.so
7fa0b2061000-7fa0b2062000 rw-p 00003000 08:16 528062                     /lib/x86_64-linux-gnu/libdl-2.15.so
7fa0b2062000-7fa0b2078000 r-xp 00000000 08:16 2240745                    /home/wliu/java/jdk1.7.0_51/lib/amd64/jli/libjli.so
7fa0b2078000-7fa0b2278000 ---p 00016000 08:16 2240745                    /home/wliu/java/jdk1.7.0_51/lib/amd64/jli/libjli.so
7fa0b2278000-7fa0b2279000 rw-p 00016000 08:16 2240745                    /home/wliu/java/jdk1.7.0_51/lib/amd64/jli/libjli.so
7fa0b2279000-7fa0b2291000 r-xp 00000000 08:16 528129                     /lib/x86_64-linux-gnu/libpthread-2.15.so
7fa0b2291000-7fa0b2490000 ---p 00018000 08:16 528129                     /lib/x86_64-linux-gnu/libpthread-2.15.so
7fa0b2490000-7fa0b2491000 r--p 00017000 08:16 528129                     /lib/x86_64-linux-gnu/libpthread-2.15.so
7fa0b2491000-7fa0b2492000 rw-p 00018000 08:16 528129                     /lib/x86_64-linux-gnu/libpthread-2.15.so
7fa0b2492000-7fa0b2496000 rw-p 00000000 00:00 0 
7fa0b2496000-7fa0b24b8000 r-xp 00000000 08:16 528029                     /lib/x86_64-linux-gnu/ld-2.15.so
7fa0b24b8000-7fa0b24c3000 rw-p 00000000 00:00 0 
7fa0b24c3000-7fa0b24e1000 rw-p 00000000 00:00 0 
7fa0b24e1000-7fa0b24eb000 rw-p 00000000 00:00 0 
7fa0b24eb000-7fa0b25a1000 rw-p 00000000 00:00 0 
7fa0b25a1000-7fa0b25a4000 ---p 00000000 00:00 0 
7fa0b25a4000-7fa0b26a6000 rw-p 00000000 00:00 0 
7fa0b26a6000-7fa0b26a7000 r--s 00001000 08:16 1705796                    /home/wliu/git/ARTS/lib/jcip-annotations.jar
7fa0b26a7000-7fa0b26ac000 r--s 00048000 08:16 1704544                    /home/wliu/git/ARTS/lib/dom4j-1.6.1.jar
7fa0b26ac000-7fa0b26b4000 rw-s 00000000 08:16 265694                     /tmp/hsperfdata_wliu/22698
7fa0b26b4000-7fa0b26b5000 rw-p 00000000 00:00 0 
7fa0b26b5000-7fa0b26b6000 r--p 00000000 00:00 0 
7fa0b26b6000-7fa0b26b8000 rw-p 00000000 00:00 0 
7fa0b26b8000-7fa0b26b9000 r--p 00022000 08:16 528029                     /lib/x86_64-linux-gnu/ld-2.15.so
7fa0b26b9000-7fa0b26bb000 rw-p 00023000 08:16 528029                     /lib/x86_64-linux-gnu/ld-2.15.so
7fff0401a000-7fff0403b000 rw-p 00000000 00:00 0                          [stack]
7fff040b9000-7fff040ba000 r-xp 00000000 00:00 0                          [vdso]
ffffffffff600000-ffffffffff601000 r-xp 00000000 00:00 0                  [vsyscall]

VM Arguments:
jvm_args: -agentlib:jdwp=transport=dt_socket,suspend=y,address=localhost:46903 -Dlog4j.configuration=file:log4j.properties -Dfile.encoding=UTF-8 
java_command: org.eclipse.jdt.internal.junit.runner.RemoteTestRunner -version 3 -port 49397 -testLoaderClass org.eclipse.jdt.internal.junit4.runner.JUnit4TestLoader -loaderpluginname org.eclipse.jdt.junit4.runtime -classNames uw.star.rts.analysis.EntityChangesTest
Launcher Type: SUN_STANDARD

Environment Variables:
PATH=/usr/lib/lightdm/lightdm:/usr/local/sbin:/usr/local/bin:/usr/sbin:/usr/bin:/sbin:/bin:/usr/games
LD_LIBRARY_PATH=/home/wliu/java/jdk1.7.0_51/jre/lib/amd64/server:/home/wliu/java/jdk1.7.0_51/jre/lib/amd64:/home/wliu/java/jdk1.7.0_51/jre/../lib/amd64:/home/wliu/java/jdk1.6.0_37/jre/lib/amd64/server:/home/wliu/java/jdk1.6.0_37/jre/lib/amd64:/home/wliu/java/jdk1.6.0_37/jre/../lib/amd64
SHELL=/bin/bash
DISPLAY=:0

Signal Handlers:
SIGSEGV: [libjvm.so+0x993870], sa_mask[0]=0x7ffbfeff, sa_flags=0x10000004
SIGBUS: [libjvm.so+0x993870], sa_mask[0]=0x7ffbfeff, sa_flags=0x10000004
SIGFPE: [libjvm.so+0x8105b0], sa_mask[0]=0x7ffbfeff, sa_flags=0x10000004
SIGPIPE: [libjvm.so+0x8105b0], sa_mask[0]=0x7ffbfeff, sa_flags=0x10000004
SIGXFSZ: [libjvm.so+0x8105b0], sa_mask[0]=0x7ffbfeff, sa_flags=0x10000004
SIGILL: [libjvm.so+0x8105b0], sa_mask[0]=0x7ffbfeff, sa_flags=0x10000004
SIGUSR1: SIG_DFL, sa_mask[0]=0x00000000, sa_flags=0x00000000
SIGUSR2: [libjvm.so+0x811aa0], sa_mask[0]=0x00000004, sa_flags=0x10000004
SIGHUP: [libjvm.so+0x812a10], sa_mask[0]=0x7ffbfeff, sa_flags=0x10000004
SIGINT: [libjvm.so+0x812a10], sa_mask[0]=0x7ffbfeff, sa_flags=0x10000004
SIGTERM: [libjvm.so+0x812a10], sa_mask[0]=0x7ffbfeff, sa_flags=0x10000004
SIGQUIT: [libjvm.so+0x812a10], sa_mask[0]=0x7ffbfeff, sa_flags=0x10000004


---------------  S Y S T E M  ---------------

OS:wheezy/sid

uname:Linux 3.2.0-29-generic #46-Ubuntu SMP Fri Jul 27 17:03:23 UTC 2012 x86_64
libc:glibc 2.15 NPTL 2.15 
rlimit: STACK 8192k, CORE 0k, NPROC 62216, NOFILE 4096, AS infinity
load average:0.26 0.17 0.50

/proc/meminfo:
MemTotal:        7981300 kB
MemFree:          809368 kB
Buffers:          612552 kB
Cached:          3960856 kB
SwapCached:            0 kB
Active:          2359536 kB
Inactive:        3685540 kB
Active(anon):    1393824 kB
Inactive(anon):   603480 kB
Active(file):     965712 kB
Inactive(file):  3082060 kB
Unevictable:           0 kB
Mlocked:               0 kB
SwapTotal:       8187900 kB
SwapFree:        8187816 kB
Dirty:                44 kB
Writeback:             0 kB
AnonPages:       1472288 kB
Mapped:           105412 kB
Shmem:            525300 kB
Slab:             978916 kB
SReclaimable:     913548 kB
SUnreclaim:        65368 kB
KernelStack:        3752 kB
PageTables:        29236 kB
NFS_Unstable:          0 kB
Bounce:                0 kB
WritebackTmp:          0 kB
CommitLimit:    12178548 kB
Committed_AS:    4209328 kB
VmallocTotal:   34359738367 kB
VmallocUsed:      371932 kB
VmallocChunk:   34359351872 kB
HardwareCorrupted:     0 kB
AnonHugePages:         0 kB
HugePages_Total:       0
HugePages_Free:        0
HugePages_Rsvd:        0
HugePages_Surp:        0
Hugepagesize:       2048 kB
DirectMap4k:       59392 kB
DirectMap2M:     8155136 kB


CPU:total 8 (4 cores per cpu, 2 threads per core) family 6 model 58 stepping 9, cmov, cx8, fxsr, mmx, sse, sse2, sse3, ssse3, sse4.1, sse4.2, popcnt, avx, aes, erms, ht, tsc, tscinvbit, tscinv

/proc/cpuinfo:
processor	: 0
vendor_id	: GenuineIntel
cpu family	: 6
model		: 58
model name	: Intel(R) Core(TM) i7-3770 CPU @ 3.40GHz
stepping	: 9
microcode	: 0x15
cpu MHz		: 3401.000
cache size	: 8192 KB
physical id	: 0
siblings	: 8
core id		: 0
cpu cores	: 4
apicid		: 0
initial apicid	: 0
fpu		: yes
fpu_exception	: yes
cpuid level	: 13
wp		: yes
flags		: fpu vme de pse tsc msr pae mce cx8 apic sep mtrr pge mca cmov pat pse36 clflush dts acpi mmx fxsr sse sse2 ss ht tm pbe syscall nx rdtscp lm constant_tsc arch_perfmon pebs bts rep_good nopl xtopology nonstop_tsc aperfmperf pni pclmulqdq dtes64 monitor ds_cpl vmx smx est tm2 ssse3 cx16 xtpr pdcm pcid sse4_1 sse4_2 x2apic popcnt tsc_deadline_timer aes xsave avx f16c rdrand lahf_lm ida arat epb xsaveopt pln pts dtherm tpr_shadow vnmi flexpriority ept vpid fsgsbase smep erms
bogomips	: 6784.81
clflush size	: 64
cache_alignment	: 64
address sizes	: 36 bits physical, 48 bits virtual
power management:

processor	: 1
vendor_id	: GenuineIntel
cpu family	: 6
model		: 58
model name	: Intel(R) Core(TM) i7-3770 CPU @ 3.40GHz
stepping	: 9
microcode	: 0x15
cpu MHz		: 1600.000
cache size	: 8192 KB
physical id	: 0
siblings	: 8
core id		: 1
cpu cores	: 4
apicid		: 2
initial apicid	: 2
fpu		: yes
fpu_exception	: yes
cpuid level	: 13
wp		: yes
flags		: fpu vme de pse tsc msr pae mce cx8 apic sep mtrr pge mca cmov pat pse36 clflush dts acpi mmx fxsr sse sse2 ss ht tm pbe syscall nx rdtscp lm constant_tsc arch_perfmon pebs bts rep_good nopl xtopology nonstop_tsc aperfmperf pni pclmulqdq dtes64 monitor ds_cpl vmx smx est tm2 ssse3 cx16 xtpr pdcm pcid sse4_1 sse4_2 x2apic popcnt tsc_deadline_timer aes xsave avx f16c rdrand lahf_lm ida arat epb xsaveopt pln pts dtherm tpr_shadow vnmi flexpriority ept vpid fsgsbase smep erms
bogomips	: 6784.26
clflush size	: 64
cache_alignment	: 64
address sizes	: 36 bits physical, 48 bits virtual
power management:

processor	: 2
vendor_id	: GenuineIntel
cpu family	: 6
model		: 58
model name	: Intel(R) Core(TM) i7-3770 CPU @ 3.40GHz
stepping	: 9
microcode	: 0x15
cpu MHz		: 1600.000
cache size	: 8192 KB
physical id	: 0
siblings	: 8
core id		: 2
cpu cores	: 4
apicid		: 4
initial apicid	: 4
fpu		: yes
fpu_exception	: yes
cpuid level	: 13
wp		: yes
flags		: fpu vme de pse tsc msr pae mce cx8 apic sep mtrr pge mca cmov pat pse36 clflush dts acpi mmx fxsr sse sse2 ss ht tm pbe syscall nx rdtscp lm constant_tsc arch_perfmon pebs bts rep_good nopl xtopology nonstop_tsc aperfmperf pni pclmulqdq dtes64 monitor ds_cpl vmx smx est tm2 ssse3 cx16 xtpr pdcm pcid sse4_1 sse4_2 x2apic popcnt tsc_deadline_timer aes xsave avx f16c rdrand lahf_lm ida arat epb xsaveopt pln pts dtherm tpr_shadow vnmi flexpriority ept vpid fsgsbase smep erms
bogomips	: 6784.26
clflush size	: 64
cache_alignment	: 64
address sizes	: 36 bits physical, 48 bits virtual
power management:

processor	: 3
vendor_id	: GenuineIntel
cpu family	: 6
model		: 58
model name	: Intel(R) Core(TM) i7-3770 CPU @ 3.40GHz
stepping	: 9
microcode	: 0x15
cpu MHz		: 1600.000
cache size	: 8192 KB
physical id	: 0
siblings	: 8
core id		: 3
cpu cores	: 4
apicid		: 6
initial apicid	: 6
fpu		: yes
fpu_exception	: yes
cpuid level	: 13
wp		: yes
flags		: fpu vme de pse tsc msr pae mce cx8 apic sep mtrr pge mca cmov pat pse36 clflush dts acpi mmx fxsr sse sse2 ss ht tm pbe syscall nx rdtscp lm constant_tsc arch_perfmon pebs bts rep_good nopl xtopology nonstop_tsc aperfmperf pni pclmulqdq dtes64 monitor ds_cpl vmx smx est tm2 ssse3 cx16 xtpr pdcm pcid sse4_1 sse4_2 x2apic popcnt tsc_deadline_timer aes xsave avx f16c rdrand lahf_lm ida arat epb xsaveopt pln pts dtherm tpr_shadow vnmi flexpriority ept vpid fsgsbase smep erms
bogomips	: 6784.27
clflush size	: 64
cache_alignment	: 64
address sizes	: 36 bits physical, 48 bits virtual
power management:

processor	: 4
vendor_id	: GenuineIntel
cpu family	: 6
model		: 58
model name	: Intel(R) Core(TM) i7-3770 CPU @ 3.40GHz
stepping	: 9
microcode	: 0x15
cpu MHz		: 3401.000
cache size	: 8192 KB
physical id	: 0
siblings	: 8
core id		: 0
cpu cores	: 4
apicid		: 1
initial apicid	: 1
fpu		: yes
fpu_exception	: yes
cpuid level	: 13
wp		: yes
flags		: fpu vme de pse tsc msr pae mce cx8 apic sep mtrr pge mca cmov pat pse36 clflush dts acpi mmx fxsr sse sse2 ss ht tm pbe syscall nx rdtscp lm constant_tsc arch_perfmon pebs bts rep_good nopl xtopology nonstop_tsc aperfmperf pni pclmulqdq dtes64 monitor ds_cpl vmx smx est tm2 ssse3 cx16 xtpr pdcm pcid sse4_1 sse4_2 x2apic popcnt tsc_deadline_timer aes xsave avx f16c rdrand lahf_lm ida arat epb xsaveopt pln pts dtherm tpr_shadow vnmi flexpriority ept vpid fsgsbase smep erms
bogomips	: 6784.26
clflush size	: 64
cache_alignment	: 64
address sizes	: 36 bits physical, 48 bits virtual
power management:

processor	: 5
vendor_id	: GenuineIntel
cpu family	: 6
model		: 58
model name	: Intel(R) Core(TM) i7-3770 CPU @ 3.40GHz
stepping	: 9
microcode	: 0x15
cpu MHz		: 3401.000
cache size	: 8192 KB
physical id	: 0
siblings	: 8
core id		: 1
cpu cores	: 4
apicid		: 3
initial apicid	: 3
fpu		: yes
fpu_exception	: yes
cpuid level	: 13
wp		: yes
flags		: fpu vme de pse tsc msr pae mce cx8 apic sep mtrr pge mca cmov pat pse36 clflush dts acpi mmx fxsr sse sse2 ss ht tm pbe syscall nx rdtscp lm constant_tsc arch_perfmon pebs bts rep_good nopl xtopology nonstop_tsc aperfmperf pni pclmulqdq dtes64 monitor ds_cpl vmx smx est tm2 ssse3 cx16 xtpr pdcm pcid sse4_1 sse4_2 x2apic popcnt tsc_deadline_timer aes xsave avx f16c rdrand lahf_lm ida arat epb xsaveopt pln pts dtherm tpr_shadow vnmi flexpriority ept vpid fsgsbase smep erms
bogomips	: 6784.26
clflush size	: 64
cache_alignment	: 64
address sizes	: 36 bits physical, 48 bits virtual
power management:

processor	: 6
vendor_id	: GenuineIntel
cpu family	: 6
model		: 58
model name	: Intel(R) Core(TM) i7-3770 CPU @ 3.40GHz
stepping	: 9
microcode	: 0x15
cpu MHz		: 1600.000
cache size	: 8192 KB
physical id	: 0
siblings	: 8
core id		: 2
cpu cores	: 4
apicid		: 5
initial apicid	: 5
fpu		: yes
fpu_exception	: yes
cpuid level	: 13
wp		: yes
flags		: fpu vme de pse tsc msr pae mce cx8 apic sep mtrr pge mca cmov pat pse36 clflush dts acpi mmx fxsr sse sse2 ss ht tm pbe syscall nx rdtscp lm constant_tsc arch_perfmon pebs bts rep_good nopl xtopology nonstop_tsc aperfmperf pni pclmulqdq dtes64 monitor ds_cpl vmx smx est tm2 ssse3 cx16 xtpr pdcm pcid sse4_1 sse4_2 x2apic popcnt tsc_deadline_timer aes xsave avx f16c rdrand lahf_lm ida arat epb xsaveopt pln pts dtherm tpr_shadow vnmi flexpriority ept vpid fsgsbase smep erms
bogomips	: 6784.27
clflush size	: 64
cache_alignment	: 64
address sizes	: 36 bits physical, 48 bits virtual
power management:

processor	: 7
vendor_id	: GenuineIntel
cpu family	: 6
model		: 58
model name	: Intel(R) Core(TM) i7-3770 CPU @ 3.40GHz
stepping	: 9
microcode	: 0x15
cpu MHz		: 1600.000
cache size	: 8192 KB
physical id	: 0
siblings	: 8
core id		: 3
cpu cores	: 4
apicid		: 7
initial apicid	: 7
fpu		: yes
fpu_exception	: yes
cpuid level	: 13
wp		: yes
flags		: fpu vme de pse tsc msr pae mce cx8 apic sep mtrr pge mca cmov pat pse36 clflush dts acpi mmx fxsr sse sse2 ss ht tm pbe syscall nx rdtscp lm constant_tsc arch_perfmon pebs bts rep_good nopl xtopology nonstop_tsc aperfmperf pni pclmulqdq dtes64 monitor ds_cpl vmx smx est tm2 ssse3 cx16 xtpr pdcm pcid sse4_1 sse4_2 x2apic popcnt tsc_deadline_timer aes xsave avx f16c rdrand lahf_lm ida arat epb xsaveopt pln pts dtherm tpr_shadow vnmi flexpriority ept vpid fsgsbase smep erms
bogomips	: 6784.27
clflush size	: 64
cache_alignment	: 64
address sizes	: 36 bits physical, 48 bits virtual
power management:



Memory: 4k page, physical 7981300k(809368k free), swap 8187900k(8187816k free)

vm_info: Java HotSpot(TM) 64-Bit Server VM (24.51-b03) for linux-amd64 JRE (1.7.0_51-b13), built on Dec 18 2013 18:48:01 by "java_re" with gcc 4.3.0 20080428 (Red Hat 4.3.0-8)

time: Wed Feb  5 18:06:26 2014
elapsed time: 51 seconds

