run from command line with debug mode - 


22:58:56,589 [main] DEBUG EmmaCodeCoverageAnalyzer:232 - adding class : CRC to covered set
22:58:56,590 [main]  INFO ClassFirewall_Extended:60 - //2. compare MD5 signatures to produce a list of changed classes between v5 and v6


Exception in thread "main" java.lang.reflect.InvocationTargetException
	at sun.reflect.NativeMethodAccessorImpl.invoke0(Native Method)
	at sun.reflect.NativeMethodAccessorImpl.invoke(NativeMethodAccessorImpl.java:57)
	at sun.reflect.DelegatingMethodAccessorImpl.invoke(DelegatingMethodAccessorImpl.java:43)
	at java.lang.reflect.Method.invoke(Method.java:601)
	at org.eclipse.jdt.internal.jarinjarloader.JarRsrcLoader.main(JarRsrcLoader.java:58)
Caused by: java.lang.NullPointerException
	at uw.star.rts.analysis.MD5ClassChangeAnalyzer.hasSameMD5Digest(MD5ClassChangeAnalyzer.java:90)
	at uw.star.rts.analysis.MD5ClassChangeAnalyzer.diff(MD5ClassChangeAnalyzer.java:52)
	at uw.star.rts.technique.ClassFirewall.selectTests(ClassFirewall.java:63)
	at uw.star.rts.TCselection.TestCaseSelection.applyTechnique(TestCaseSelection.java:49)
	at uw.star.rts.TCselection.TestCaseSelection.applyTechniques(TestCaseSelection.java:111)
	at uw.star.rts.main.Engine.evaluate(Engine.java:103)
	at uw.star.rts.main.Engine.main(Engine.java:53)
	... 5 more


run from command line with debug mode again --

 00:27:06,150 [main] DEBUG DependencyAnalyzer_C2CInboundTransitive:149 - Executing command ./DependencyFinder-1.2.1-beta4/bin/DependencyExtractor -xml -out /home/wliu/sir/workspace/dependencyFinder/result.xml /home/wliu/sir/apache-ant/versions.alt/orig/v0/ant/build
  00:27:13,552 [main] DEBUG DependencyAnalyzer_C2CInboundTransitive:149 - Executing command ./DependencyFinder-1.2.1-beta4/bin/DependencyClosure -xml -out /home/wliu/sir/workspace/dependencyFinder/closure_C2CInboundTransitive.Execute$CommandLauncher.xml -maximum-outbound-depth 0 -maximum-inbound-depth unbound -start-includes /Execute$CommandLauncher/ /home/wliu/sir/workspace/dependencyFinder/result.xml
  00:27:16,924 [main] DEBUG DependencyAnalyzer_C2CInboundTransitive:149 - Executing command ./DependencyFinder-1.2.1-beta4/bin/c2c /home/wliu/sir/workspace/dependencyFinder/closure_C2CInboundTransitive.Execute$CommandLauncher.xml -xml -out /home/wliu/sir/workspace/dependencyFinder/result_C2CInboundTransitive.Execute$CommandLauncher.xml
  00:27:17,854 [main] ERROR DependencyAnalyzer_C2CInboundTransitive:220 - Caught UnmarshalException result_C2CInboundTransitive.Execute$CommandLauncher.xml

Exception in thread "main" java.lang.reflect.InvocationTargetException
	at sun.reflect.NativeMethodAccessorImpl.invoke0(Native Method)
	at sun.reflect.NativeMethodAccessorImpl.invoke(NativeMethodAccessorImpl.java:57)
	at sun.reflect.DelegatingMethodAccessorImpl.invoke(DelegatingMethodAccessorImpl.java:43)
	at java.lang.reflect.Method.invoke(Method.java:601)
	at org.eclipse.jdt.internal.jarinjarloader.JarRsrcLoader.main(JarRsrcLoader.java:58)
Caused by: java.lang.NullPointerException
	at uw.star.rts.analysis.DependencyAnalyzer_C2CInboundTransitive.findDirectAndTransitiveInBoundDependentClasses(DependencyAnalyzer_C2CInboundTransitive.java:61)
	at uw.star.rts.analysis.DependencyAnalyzer_C2CInboundTransitive.findDirectAndTransitiveInBoundDependentClasses(DependencyAnalyzer_C2CInboundTransitive.java:72)
	at uw.star.rts.technique.ClassFirewall_Extended.collectDependentInformation(ClassFirewall_Extended.java:45)
	at uw.star.rts.technique.ClassFirewall.selectTests(ClassFirewall.java:68)
	at uw.star.rts.TCselection.TestCaseSelection.applyTechnique(TestCaseSelection.java:49)
	at uw.star.rts.TCselection.TestCaseSelection.applyTechniques(TestCaseSelection.java:111)
	at uw.star.rts.main.Engine.evaluate(Engine.java:103)
	at uw.star.rts.main.Engine.main(Engine.java:53)


RUN FROM COMMAND LINE WITH INFO MODE : Oct 30 8:51AM
  08:51:31,076 [main]  INFO EmmaCodeCoverageAnalyzer:197 - Parsing xmlfile /home/wliu/sir/apache-ant/traces.alt/CODECOVERAGE/orig/v0/coverage.org.apache.tools.ant.taskdefs.DeltreeTest.xml
  08:51:31,119 [main]  INFO EmmaCodeCoverageAnalyzer:197 - Parsing xmlfile /home/wliu/sir/apache-ant/traces.alt/CODECOVERAGE/orig/v0/coverage.org.apache.tools.ant.taskdefs.DeleteTest.xml
  08:51:31,161 [main]  INFO EmmaCodeCoverageAnalyzer:197 - Parsing xmlfile /home/wliu/sir/apache-ant/traces.alt/CODECOVERAGE/orig/v0/coverage.org.apache.tools.ant.taskdefs.UnzipTest.xml
  08:51:31,209 [main]  INFO EmmaCodeCoverageAnalyzer:197 - Parsing xmlfile /home/wliu/sir/apache-ant/traces.alt/CODECOVERAGE/orig/v0/coverage.org.apache.tools.ant.types.PathTest.xml
  08:51:31,250 [main]  INFO EmmaCodeCoverageAnalyzer:197 - Parsing xmlfile /home/wliu/sir/apache-ant/traces.alt/CODECOVERAGE/orig/v0/coverage.org.apache.tools.ant.IntrospectionHelperTest.xml
  08:51:31,292 [main]  INFO EmmaCodeCoverageAnalyzer:197 - Parsing xmlfile /home/wliu/sir/apache-ant/traces.alt/CODECOVERAGE/orig/v1/coverage.org.apache.tools.ant.types.CommandlineTest.xml
  08:51:31,430 [main]  INFO ClassFirewall_Extended:60 - //2. compare MD5 signatures to produce a list of changed classes between v0 and v1
  08:51:32,371 [main]  INFO ClassFirewall_Extended:66 - //3. collect dependency data of v0
  08:51:41,399 [main] ERROR DependencyAnalyzer_C2CInboundTransitive:220 - Caught UnmarshalException result_C2CInboundTransitive.Execute$CommandLauncher.xml

Exception in thread "main" java.lang.reflect.InvocationTargetException
	at sun.reflect.NativeMethodAccessorImpl.invoke0(Native Method)
	at sun.reflect.NativeMethodAccessorImpl.invoke(NativeMethodAccessorImpl.java:57)
	at sun.reflect.DelegatingMethodAccessorImpl.invoke(DelegatingMethodAccessorImpl.java:43)
	at java.lang.reflect.Method.invoke(Method.java:601)
	at org.eclipse.jdt.internal.jarinjarloader.JarRsrcLoader.main(JarRsrcLoader.java:58)
Caused by: java.lang.NullPointerException
	at uw.star.rts.analysis.DependencyAnalyzer_C2CInboundTransitive.findDirectAndTransitiveInBoundDependentClasses(DependencyAnalyzer_C2CInboundTransitive.java:61)
	at uw.star.rts.analysis.DependencyAnalyzer_C2CInboundTransitive.findDirectAndTransitiveInBoundDependentClasses(DependencyAnalyzer_C2CInboundTransitive.java:72)
	at uw.star.rts.technique.ClassFirewall_Extended.collectDependentInformation(ClassFirewall_Extended.java:45)
	at uw.star.rts.technique.ClassFirewall.selectTests(ClassFirewall.java:68)
	at uw.star.rts.TCselection.TestCaseSelection.applyTechnique(TestCaseSelection.java:49)
	at uw.star.rts.TCselection.TestCaseSelection.applyTechniques(TestCaseSelection.java:111)
	at uw.star.rts.main.Engine.evaluate(Engine.java:103)
	at uw.star.rts.main.Engine.main(Engine.java:53)
	... 5 more





RUN FROM COMMAND LINE WITH INFO MODE : Oct 30 8:55AM

  08:55:00,882 [main]  INFO EmmaCodeCoverageAnalyzer:197 - Parsing xmlfile /home/wliu/sir/apache-ant/traces.alt/CODECOVERAGE/orig/v1/coverage.org.apache.tools.ant.types.CommandlineTest.xml
  08:55:00,987 [main]  INFO ClassFirewall_Extended:60 - //2. compare MD5 signatures to produce a list of changed classes between v0 and v1
  08:55:01,158 [main]  INFO ClassFirewall_Extended:66 - //3. collect dependency data of v0
  08:55:07,950 [main] ERROR DependencyAnalyzer_C2CInboundTransitive:220 - Caught UnmarshalException result_C2CInboundTransitive.Execute$CommandLauncher.xml

Exception in thread "main" java.lang.reflect.InvocationTargetException
	at sun.reflect.NativeMethodAccessorImpl.invoke0(Native Method)
	at sun.reflect.NativeMethodAccessorImpl.invoke(NativeMethodAccessorImpl.java:57)
	at sun.reflect.DelegatingMethodAccessorImpl.invoke(DelegatingMethodAccessorImpl.java:43)
	at java.lang.reflect.Method.invoke(Method.java:601)
	at org.eclipse.jdt.internal.jarinjarloader.JarRsrcLoader.main(JarRsrcLoader.java:58)
Caused by: java.lang.NullPointerException
	at uw.star.rts.analysis.DependencyAnalyzer_C2CInboundTransitive.findDirectAndTransitiveInBoundDependentClasses(DependencyAnalyzer_C2CInboundTransitive.java:61)
	at uw.star.rts.analysis.DependencyAnalyzer_C2CInboundTransitive.findDirectAndTransitiveInBoundDependentClasses(DependencyAnalyzer_C2CInboundTransitive.java:72)
	at uw.star.rts.technique.ClassFirewall_Extended.collectDependentInformation(ClassFirewall_Extended.java:45)
	at uw.star.rts.technique.ClassFirewall.selectTests(ClassFirewall.java:68)
	at uw.star.rts.TCselection.TestCaseSelection.applyTechnique(TestCaseSelection.java:49)
	at uw.star.rts.TCselection.TestCaseSelection.applyTechniques(TestCaseSelection.java:111)
	at uw.star.rts.main.Engine.evaluate(Engine.java:103)
	at uw.star.rts.main.Engine.main(Engine.java:53)
	... 5 more


Run from Eclipse - 

12:53:43,457 [main] DEBUG DependencyAnalyzer_C2CInboundTransitive:148 - Executing command ./DependencyFinder-1.2.1-beta4/bin/DependencyExtractor -xml -out /home/wliu/sir/workspace/dependencyFinder/result.xml /home/wliu/sir/apache-ant/versions.alt/orig/v2/ant/build
  java.io.IOException: Cannot run program "./DependencyFinder-1.2.1-beta4/bin/DependencyExtractor" (in directory "."): error=24, Too many open files
	at java.lang.ProcessBuilder.start(ProcessBuilder.java:1029)
	at java.lang.Runtime.exec(Runtime.java:615)
	at org.apache.commons.exec.launcher.Java13CommandLauncher.exec(Java13CommandLauncher.java:58)
	at org.apache.commons.exec.DefaultExecutor.launch(DefaultExecutor.java:254)
	at org.apache.commons.exec.DefaultExecutor.executeInternal(DefaultExecutor.java:319)
	at org.apache.commons.exec.DefaultExecutor.execute(DefaultExecutor.java:160)
	at uw.star.rts.analysis.DependencyAnalyzer.runDependencyFinder(DependencyAnalyzer.java:149)
	at uw.star.rts.analysis.DependencyAnalyzer.analyze(DependencyAnalyzer.java:66)
	at uw.star.rts.analysis.DependencyAnalyzer_C2CInboundTransitiveTest.testTransitiveClosure(DependencyAnalyzer_C2CInboundTransitiveTest.java:40)
	at sun.reflect.NativeMethodAccessorImpl.invoke0(Native Method)
	at sun.reflect.NativeMethodAccessorImpl.invoke(NativeMethodAccessorImpl.java:57)
	at sun.reflect.DelegatingMethodAccessorImpl.invoke(DelegatingMethodAccessorImpl.java:43)
	at java.lang.reflect.Method.invoke(Method.java:601)
	at org.junit.runners.model.FrameworkMethod$1.runReflectiveCall(FrameworkMethod.java:45)
	at org.junit.internal.runners.model.ReflectiveCallable.run(ReflectiveCallable.java:15)
	at org.junit.runners.model.FrameworkMethod.invokeExplosively(FrameworkMethod.java:42)
	at org.junit.internal.runners.statements.InvokeMethod.evaluate(InvokeMethod.java:20)
	at org.junit.runners.ParentRunner.runLeaf(ParentRunner.java:263)
	at org.junit.runners.BlockJUnit4ClassRunner.runChild(BlockJUnit4ClassRunner.java:68)
	at org.junit.runners.BlockJUnit4ClassRunner.runChild(BlockJUnit4ClassRunner.java:47)
	at org.junit.runners.ParentRunner$3.run(ParentRunner.java:231)
	at org.junit.runners.ParentRunner$1.schedule(ParentRunner.java:60)
	at org.junit.runners.ParentRunner.runChildren(ParentRunner.java:229)
	at org.junit.runners.ParentRunner.access$000(ParentRunner.java:50)
	at org.junit.runners.ParentRunner$2.evaluate(ParentRunner.java:222)
	at org.junit.internal.runners.statements.RunBefores.evaluate(RunBefores.java:28)
	at org.junit.runners.ParentRunner.run(ParentRunner.java:300)
	at org.eclipse.jdt.internal.junit4.runner.JUnit4TestReference.run(JUnit4TestReference.java:50)
	at org.eclipse.jdt.internal.junit.runner.TestExecution.run(TestExecution.java:38)
	at org.eclipse.jdt.internal.junit.runner.RemoteTestRunner.runTests(RemoteTestRunner.java:467)
	at org.eclipse.jdt.internal.junit.runner.RemoteTestRunner.runTests(RemoteTestRunner.java:683)
	at org.eclipse.jdt.internal.junit.runner.RemoteTestRunner.run(RemoteTestRunner.java:390)
	at org.eclipse.jdt.internal.junit.runner.RemoteTestRunner.main(RemoteTestRunner.java:197)
Caused by: java.io.IOException: error=24, Too many open files
	at java.lang.UNIXProcess.forkAndExec(Native Method)
	at java.lang.UNIXProcess.<init>(UNIXProcess.java:135)
	at java.lang.ProcessImpl.start(ProcessImpl.java:130)
	at java.lang.ProcessBuilder.start(ProcessBuilder.java:1021)
	... 32 more
12:53:43,460 [main] ERROR DependencyAnalyzer_C2CInboundTransitive:93 - dependencey finder process has completed but result file result.xml not yet exist! Wait for 5 seconds
  12:53:48,460 [main] ERROR DependencyAnalyzer_C2CInboundTransitive:93 - dependencey finder process has completed but result file result.xml not yet exist! Wait for 5 seconds
  12:53:53,461 [main] ERROR DependencyAnalyzer_C2CInboundTransitive:93 - dependencey finder process has completed but result file result.xml not yet exist! Wait for 5 seconds
  12:53:58,462 [main] ERROR DependencyAnalyzer_C2CInboundTransitive:93 - dependencey finder process has completed but result file result.xml not yet exist! Wait for 5 seconds
  12:54:03,463 [main] ERROR DependencyAnalyzer_C2CInboundTransitive:93 - dependencey finder process has completed but result file result.xml not yet exist! Wait for 5 seconds
  12:54:08,464 [main] ERROR DependencyAnalyzer_C2CInboundTransitive:93 - dependencey finder process has completed but result file result.xml not yet exist! Wait for 5 seconds
  12:54:13,464 [main] ERROR DependencyAnalyzer_C2CInboundTransitive:93 - dependencey finder process has completed but result file result.xml not yet exist! Wait for 5 seconds
  12:54:18,465 [main] ERROR DependencyAnalyzer_C2CInboundTransitive:105 - dependencey finder process has completed but result file result.xml does not exist after 30 seconds
  

